
/home/runner/work/exp-cuso-strength-iitr/exp-cuso-strength-iitr/experiment/simulation/js/3and4KMno4.js
    3:13   warning  'image2' is defined but never used                        no-unused-vars
   13:40   warning  'img3yimg3w' is defined but never used                    no-unused-vars
   19:5    warning  'animationInProgress' is assigned a value but never used  no-unused-vars
   24:5    warning  'gif' is defined but never used                           no-unused-vars
   25:5    warning  'blinking' is assigned a value but never used             no-unused-vars
   51:7    warning  'noStroke' is not defined                                 no-undef
   52:7    warning  'fill' is not defined                                     no-undef
   53:7    warning  'ellipse' is not defined                                  no-undef
   58:10   warning  'preload' is defined but never used                       no-unused-vars
   60:12   warning  'loadImage' is not defined                                no-undef
   61:3    warning  'img' is not defined                                      no-undef
   61:9    warning  'loadImage' is not defined                                no-undef
   62:11   warning  'loadImage' is not defined                                no-undef
   63:3    warning  'image3' is not defined                                   no-undef
   63:12   warning  'loadImage' is not defined                                no-undef
   64:3    warning  'frontflask' is not defined                               no-undef
   64:16   warning  'loadImage' is not defined                                no-undef
   65:3    warning  'liquid' is not defined                                   no-undef
   65:12   warning  'loadImage' is not defined                                no-undef
   66:3    warning  'nextimg' is not defined                                  no-undef
   66:13   warning  'loadImage' is not defined                                no-undef
   67:3    warning  'gif1' is not defined                                     no-undef
   67:10   warning  'createImg' is not defined                                no-undef
   68:3    warning  'gif2' is not defined                                     no-undef
   68:10   warning  'createImg' is not defined                                no-undef
   69:3    warning  'gif3' is not defined                                     no-undef
   69:10   warning  'createImg' is not defined                                no-undef
   70:3    warning  'gif4' is not defined                                     no-undef
   70:10   warning  'createImg' is not defined                                no-undef
   71:3    warning  'plantGIF' is not defined                                 no-undef
   71:14   warning  'createImg' is not defined                                no-undef
   73:3    warning  'gif1' is not defined                                     no-undef
   74:3    warning  'gif2' is not defined                                     no-undef
   75:3    warning  'gif3' is not defined                                     no-undef
   76:3    warning  'gif4' is not defined                                     no-undef
   77:3    warning  'plantGIF' is not defined                                 no-undef
   80:3    warning  'gif1' is not defined                                     no-undef
   81:3    warning  'gif2' is not defined                                     no-undef
   82:3    warning  'gif3' is not defined                                     no-undef
   83:3    warning  'gif4' is not defined                                     no-undef
   86:10   warning  'setup' is defined but never used                         no-unused-vars
   88:11   warning  'createCanvas' is not defined                             no-undef
   90:3    warning  'gif1' is not defined                                     no-undef
   91:3    warning  'gif2' is not defined                                     no-undef
   92:3    warning  'gif3' is not defined                                     no-undef
   93:3    warning  'gif4' is not defined                                     no-undef
   94:3    warning  'plantGIF' is not defined                                 no-undef
   97:16   warning  'img3y' is not defined                                    no-undef
   97:29   warning  'img3w' is not defined                                    no-undef
  104:3    warning  'gif1' is not defined                                     no-undef
  115:16   warning  'createVector' is not defined                             no-undef
  123:18   warning  'createVector' is not defined                             no-undef
  123:38   warning  'img3y' is not defined                                    no-undef
  132:10   warning  'draw' is defined but never used                          no-unused-vars
  135:3    warning  'gif1' is not defined                                     no-undef
  136:3    warning  'gif2' is not defined                                     no-undef
  137:3    warning  'gif3' is not defined                                     no-undef
  138:3    warning  'gif4' is not defined                                     no-undef
  139:3    warning  'plantGIF' is not defined                                 no-undef
  141:3    warning  'background' is not defined                               no-undef
  149:3    warning  'push' is not defined                                     no-undef
  151:5    warning  'tint' is not defined                                     no-undef
  153:3    warning  'image' is not defined                                    no-undef
  153:9    warning  'liquid' is not defined                                   no-undef
  154:3    warning  'pop' is not defined                                      no-undef
  155:3    warning  'image' is not defined                                    no-undef
  155:9    warning  'frontflask' is not defined                               no-undef
  160:7    warning  'millis' is not defined                                   no-undef
  162:5    warning  'image' is not defined                                    no-undef
  162:11   warning  'nextimg' is not defined                                  no-undef
  172:5    warning  'noStroke' is not defined                                 no-undef
  173:5    warning  'rect' is not defined                                     no-undef
  174:5    warning  'fill' is not defined                                     no-undef
  197:5    warning  'image' is not defined                                    no-undef
  197:11   warning  'image3' is not defined                                   no-undef
  197:55   warning  'img3w' is not defined                                    no-undef
  218:5    warning  'image' is not defined                                    no-undef
  218:11   warning  'image3' is not defined                                   no-undef
  218:55   warning  'img3w' is not defined                                    no-undef
  225:7    warning  'img3y' is not defined                                    no-undef
  229:7    warning  'gif3' is not defined                                     no-undef
  246:5    warning  'image' is not defined                                    no-undef
  246:11   warning  'image3' is not defined                                   no-undef
  246:55   warning  'img3w' is not defined                                    no-undef
  268:5    warning  'image' is not defined                                    no-undef
  268:11   warning  'image3' is not defined                                   no-undef
  268:55   warning  'img3w' is not defined                                    no-undef
  278:7    warning  'img3y' is not defined                                    no-undef
  282:7    warning  'gif4' is not defined                                     no-undef
  289:7    warning  'image' is not defined                                    no-undef
  289:13   warning  'image3' is not defined                                   no-undef
  289:53   warning  'img3w' is not defined                                    no-undef
  293:7    warning  'image' is not defined                                    no-undef
  293:13   warning  'image3' is not defined                                   no-undef
  293:51   warning  'img3w' is not defined                                    no-undef
  300:3    warning  'image' is not defined                                    no-undef
  312:5    warning  'image' is not defined                                    no-undef
  312:11   warning  'img' is not defined                                      no-undef
  333:5    warning  'image' is not defined                                    no-undef
  333:11   warning  'img' is not defined                                      no-undef
  343:7    warning  'gif2' is not defined                                     no-undef
  350:5    warning  'image' is not defined                                    no-undef
  350:11   warning  'img' is not defined                                      no-undef
  355:10   warning  'mousePressed' is defined but never used                  no-unused-vars
  357:7    warning  'mouseX' is not defined                                   no-undef
  357:37   warning  'mouseX' is not defined                                   no-undef
  357:63   warning  'mouseY' is not defined                                   no-undef
  357:93   warning  'mouseY' is not defined                                   no-undef
  363:7    warning  'mouseX' is not defined                                   no-undef
  363:24   warning  'img3w' is not defined                                    no-undef
  363:37   warning  'mouseX' is not defined                                   no-undef
  363:54   warning  'img3w' is not defined                                    no-undef
  363:63   warning  'mouseY' is not defined                                   no-undef
  363:72   warning  'img3y' is not defined                                    no-undef
  363:93   warning  'mouseY' is not defined                                   no-undef
  363:102  warning  'img3y' is not defined                                    no-undef
  368:7    warning  'mouseX' is not defined                                   no-undef
  368:35   warning  'mouseX' is not defined                                   no-undef
  368:59   warning  'mouseY' is not defined                                   no-undef
  368:87   warning  'mouseY' is not defined                                   no-undef
  374:3    warning  'gif1' is not defined                                     no-undef
  378:16   warning  'createVector' is not defined                             no-undef
  379:17   warning  'createVector' is not defined                             no-undef
  387:3    warning  'gif2' is not defined                                     no-undef
  392:18   warning  'createVector' is not defined                             no-undef
  393:19   warning  'createVector' is not defined                             no-undef
  399:5    warning  'gif3' is not defined                                     no-undef
  405:19   warning  'createVector' is not defined                             no-undef
  406:20   warning  'createVector' is not defined                             no-undef
  411:5    warning  'gif4' is not defined                                     no-undef

/home/runner/work/exp-cuso-strength-iitr/exp-cuso-strength-iitr/experiment/simulation/js/3and4KMno422.js
    3:13   warning  'image2' is defined but never used                        no-unused-vars
   13:40   warning  'img3yimg3w' is defined but never used                    no-unused-vars
   19:5    warning  'animationInProgress' is assigned a value but never used  no-unused-vars
   24:5    warning  'gif' is defined but never used                           no-unused-vars
   25:5    warning  'blinking' is assigned a value but never used             no-unused-vars
   51:7    warning  'noStroke' is not defined                                 no-undef
   52:7    warning  'fill' is not defined                                     no-undef
   53:7    warning  'ellipse' is not defined                                  no-undef
   58:10   warning  'preload' is defined but never used                       no-unused-vars
   60:12   warning  'loadImage' is not defined                                no-undef
   61:3    warning  'img' is not defined                                      no-undef
   61:9    warning  'loadImage' is not defined                                no-undef
   62:11   warning  'loadImage' is not defined                                no-undef
   63:3    warning  'image3' is not defined                                   no-undef
   63:12   warning  'loadImage' is not defined                                no-undef
   64:3    warning  'frontflask' is not defined                               no-undef
   64:16   warning  'loadImage' is not defined                                no-undef
   65:3    warning  'liquid' is not defined                                   no-undef
   65:12   warning  'loadImage' is not defined                                no-undef
   66:3    warning  'nextimg' is not defined                                  no-undef
   66:13   warning  'loadImage' is not defined                                no-undef
   67:3    warning  'gif1' is not defined                                     no-undef
   67:10   warning  'createImg' is not defined                                no-undef
   68:3    warning  'gif2' is not defined                                     no-undef
   68:10   warning  'createImg' is not defined                                no-undef
   69:3    warning  'gif3' is not defined                                     no-undef
   69:10   warning  'createImg' is not defined                                no-undef
   70:3    warning  'gif4' is not defined                                     no-undef
   70:10   warning  'createImg' is not defined                                no-undef
   71:3    warning  'plantGIF' is not defined                                 no-undef
   71:14   warning  'createImg' is not defined                                no-undef
   73:3    warning  'gif1' is not defined                                     no-undef
   74:3    warning  'gif2' is not defined                                     no-undef
   75:3    warning  'gif3' is not defined                                     no-undef
   76:3    warning  'gif4' is not defined                                     no-undef
   77:3    warning  'plantGIF' is not defined                                 no-undef
   80:3    warning  'gif1' is not defined                                     no-undef
   81:3    warning  'gif2' is not defined                                     no-undef
   82:3    warning  'gif3' is not defined                                     no-undef
   83:3    warning  'gif4' is not defined                                     no-undef
   86:10   warning  'setup' is defined but never used                         no-unused-vars
   88:11   warning  'createCanvas' is not defined                             no-undef
   90:3    warning  'gif1' is not defined                                     no-undef
   91:3    warning  'gif2' is not defined                                     no-undef
   92:3    warning  'gif3' is not defined                                     no-undef
   93:3    warning  'gif4' is not defined                                     no-undef
   94:3    warning  'plantGIF' is not defined                                 no-undef
   97:16   warning  'img3y' is not defined                                    no-undef
   97:29   warning  'img3w' is not defined                                    no-undef
  104:3    warning  'gif1' is not defined                                     no-undef
  115:16   warning  'createVector' is not defined                             no-undef
  123:18   warning  'createVector' is not defined                             no-undef
  123:38   warning  'img3y' is not defined                                    no-undef
  132:10   warning  'draw' is defined but never used                          no-unused-vars
  135:6    warning  'gif1' is not defined                                     no-undef
  136:3    warning  'gif2' is not defined                                     no-undef
  137:3    warning  'gif3' is not defined                                     no-undef
  138:3    warning  'gif4' is not defined                                     no-undef
  139:3    warning  'plantGIF' is not defined                                 no-undef
  141:3    warning  'background' is not defined                               no-undef
  149:3    warning  'push' is not defined                                     no-undef
  151:5    warning  'tint' is not defined                                     no-undef
  153:3    warning  'image' is not defined                                    no-undef
  153:9    warning  'liquid' is not defined                                   no-undef
  154:3    warning  'pop' is not defined                                      no-undef
  155:3    warning  'image' is not defined                                    no-undef
  155:9    warning  'frontflask' is not defined                               no-undef
  160:7    warning  'millis' is not defined                                   no-undef
  162:5    warning  'image' is not defined                                    no-undef
  162:11   warning  'nextimg' is not defined                                  no-undef
  172:5    warning  'noStroke' is not defined                                 no-undef
  173:5    warning  'rect' is not defined                                     no-undef
  174:5    warning  'fill' is not defined                                     no-undef
  201:5    warning  'image' is not defined                                    no-undef
  201:11   warning  'image3' is not defined                                   no-undef
  201:55   warning  'img3w' is not defined                                    no-undef
  222:5    warning  'image' is not defined                                    no-undef
  222:11   warning  'image3' is not defined                                   no-undef
  222:55   warning  'img3w' is not defined                                    no-undef
  229:7    warning  'img3y' is not defined                                    no-undef
  233:7    warning  'gif3' is not defined                                     no-undef
  250:5    warning  'image' is not defined                                    no-undef
  250:11   warning  'image3' is not defined                                   no-undef
  250:55   warning  'img3w' is not defined                                    no-undef
  272:5    warning  'image' is not defined                                    no-undef
  272:11   warning  'image3' is not defined                                   no-undef
  272:55   warning  'img3w' is not defined                                    no-undef
  282:7    warning  'img3y' is not defined                                    no-undef
  286:7    warning  'gif4' is not defined                                     no-undef
  293:7    warning  'image' is not defined                                    no-undef
  293:13   warning  'image3' is not defined                                   no-undef
  293:53   warning  'img3w' is not defined                                    no-undef
  297:7    warning  'image' is not defined                                    no-undef
  297:13   warning  'image3' is not defined                                   no-undef
  297:51   warning  'img3w' is not defined                                    no-undef
  304:3    warning  'image' is not defined                                    no-undef
  316:5    warning  'image' is not defined                                    no-undef
  316:11   warning  'img' is not defined                                      no-undef
  337:5    warning  'image' is not defined                                    no-undef
  337:11   warning  'img' is not defined                                      no-undef
  347:7    warning  'gif2' is not defined                                     no-undef
  354:5    warning  'image' is not defined                                    no-undef
  354:11   warning  'img' is not defined                                      no-undef
  364:10   warning  'mousePressed' is defined but never used                  no-unused-vars
  366:7    warning  'mouseX' is not defined                                   no-undef
  366:37   warning  'mouseX' is not defined                                   no-undef
  366:63   warning  'mouseY' is not defined                                   no-undef
  366:93   warning  'mouseY' is not defined                                   no-undef
  372:7    warning  'mouseX' is not defined                                   no-undef
  372:24   warning  'img3w' is not defined                                    no-undef
  372:37   warning  'mouseX' is not defined                                   no-undef
  372:54   warning  'img3w' is not defined                                    no-undef
  372:63   warning  'mouseY' is not defined                                   no-undef
  372:72   warning  'img3y' is not defined                                    no-undef
  372:93   warning  'mouseY' is not defined                                   no-undef
  372:102  warning  'img3y' is not defined                                    no-undef
  377:7    warning  'mouseX' is not defined                                   no-undef
  377:35   warning  'mouseX' is not defined                                   no-undef
  377:59   warning  'mouseY' is not defined                                   no-undef
  377:87   warning  'mouseY' is not defined                                   no-undef
  383:3    warning  'gif1' is not defined                                     no-undef
  387:16   warning  'createVector' is not defined                             no-undef
  388:17   warning  'createVector' is not defined                             no-undef
  396:3    warning  'gif2' is not defined                                     no-undef
  401:18   warning  'createVector' is not defined                             no-undef
  402:19   warning  'createVector' is not defined                             no-undef
  408:5    warning  'gif3' is not defined                                     no-undef
  414:19   warning  'createVector' is not defined                             no-undef
  415:20   warning  'createVector' is not defined                             no-undef
  420:5    warning  'gif4' is not defined                                     no-undef

/home/runner/work/exp-cuso-strength-iitr/exp-cuso-strength-iitr/experiment/simulation/js/Mainfile.js
    7:5   warning  'equivalencePointVolume' is defined but never used      no-unused-vars
    8:5   warning  'titrationFinished' is assigned a value but never used  no-unused-vars
   28:5   warning  'croppedImg' is defined but never used                  no-unused-vars
   29:5   warning  'gifImage' is defined but never used                    no-unused-vars
   42:5   warning  'ex2one' is assigned a value but never used             no-unused-vars
   43:5   warning  'exone' is assigned a value but never used              no-unused-vars
   46:3   warning  Unnecessary semicolon                                   no-extra-semi
   54:5   warning  'waterlevel' is assigned a value but never used         no-unused-vars
   67:5   warning  'blinking' is assigned a value but never used           no-unused-vars
   74:10  warning  'preload' is defined but never used                     no-unused-vars
   75:15  warning  'loadImage' is not defined                              no-undef
   76:16  warning  'loadImage' is not defined                              no-undef
   77:14  warning  'loadImage' is not defined                              no-undef
   78:15  warning  'loadImage' is not defined                              no-undef
   80:1   warning  'nextimg' is not defined                                no-undef
   80:11  warning  'loadImage' is not defined                              no-undef
   81:21  warning  'loadImage' is not defined                              no-undef
  102:15  warning  'select' is not defined                                 no-undef
  105:6   warning  'windowWidth' is not defined                            no-undef
  111:12  warning  'createCanvas' is not defined                           no-undef
  119:3   warning  'background' is not defined                             no-undef
  121:3   warning  'slider1' is not defined                                no-undef
  121:13  warning  'select' is not defined                                 no-undef
  122:3   warning  'slider2' is not defined                                no-undef
  122:13  warning  'select' is not defined                                 no-undef
  123:3   warning  'slider3' is not defined                                no-undef
  123:13  warning  'select' is not defined                                 no-undef
  125:3   warning  'slider1' is not defined                                no-undef
  126:3   warning  'slider2' is not defined                                no-undef
  127:3   warning  'slider3' is not defined                                no-undef
  130:23  warning  'slider2' is not defined                                no-undef
  131:20  warning  'slider3' is not defined                                no-undef
  133:24  warning  'color' is not defined                                  no-undef
  137:12  warning  'width' is not defined                                  no-undef
  138:12  warning  'height' is not defined                                 no-undef
  145:16  warning  'color' is not defined                                  no-undef
  146:17  warning  'color' is not defined                                  no-undef
  167:17  warning  'color' is not defined                                  no-undef
  179:10  warning  'draw' is defined but never used                        no-unused-vars
  181:3   warning  'frameRate' is not defined                              no-undef
  184:12  warning  'slider1' is not defined                                no-undef
  185:3   warning  'background' is not defined                             no-undef
  189:5   warning  'noStroke' is not defined                               no-undef
  190:5   warning  'fill' is not defined                                   no-undef
  191:5   warning  'rect' is not defined                                   no-undef
  191:10  warning  'width' is not defined                                  no-undef
  191:68  warning  'random' is not defined                                 no-undef
  191:85  warning  'random' is not defined                                 no-undef
  195:6   warning  'slider3' is not defined                                no-undef
  196:24  warning  'slider3' is not defined                                no-undef
  221:3   warning  'noStroke' is not defined                               no-undef
  222:3   warning  'fill' is not defined                                   no-undef
  224:3   warning  'rect' is not defined                                   no-undef
  224:8   warning  'width' is not defined                                  no-undef
  225:3   warning  'push' is not defined                                   no-undef
  227:3   warning  'image' is not defined                                  no-undef
  227:20  warning  'width' is not defined                                  no-undef
  228:3   warning  'noStroke' is not defined                               no-undef
  229:3   warning  'pop' is not defined                                    no-undef
  231:5   warning  'noStroke' is not defined                               no-undef
  232:5   warning  'fill' is not defined                                   no-undef
  246:5   warning  'image' is not defined                                  no-undef
  247:5   warning  'image' is not defined                                  no-undef
  255:5   warning  'push' is not defined                                   no-undef
  256:5   warning  'tint' is not defined                                   no-undef
  259:7   warning  'image' is not defined                                  no-undef
  262:7   warning  'image' is not defined                                  no-undef
  266:5   warning  'pop' is not defined                                    no-undef
  287:35  warning  'floor' is not defined                                  no-undef
  296:9   warning  'millis' is not defined                                 no-undef
  298:7   warning  'image' is not defined                                  no-undef
  298:13  warning  'nextimg' is not defined                                no-undef
  305:10  warning  'mousePressed' is defined but never used                no-unused-vars
  308:20  warning  'dist' is not defined                                   no-undef
  308:25  warning  'mouseX' is not defined                                 no-undef
  308:33  warning  'mouseY' is not defined                                 no-undef
  314:19  warning  'dist' is not defined                                   no-undef
  314:24  warning  'mouseX' is not defined                                 no-undef
  314:32  warning  'mouseY' is not defined                                 no-undef
  320:7   warning  'mouseX' is not defined                                 no-undef
  320:35  warning  'mouseX' is not defined                                 no-undef
  320:59  warning  'mouseY' is not defined                                 no-undef
  320:87  warning  'mouseY' is not defined                                 no-undef
  325:10  warning  'mouseReleased' is defined but never used               no-unused-vars
  332:10  warning  'changeArrowStyleToPointer' is defined but never used   no-unused-vars
  333:3   warning  'nextButton' is not defined                             no-undef
  372:31  warning  'sin' is not defined                                    no-undef
  373:3   warning  'push' is not defined                                   no-undef
  377:3   warning  'translate' is not defined                              no-undef
  377:13  warning  'width' is not defined                                  no-undef
  378:3   warning  'rotate' is not defined                                 no-undef
  378:10  warning  'radians' is not defined                                no-undef
  379:3   warning  'image' is not defined                                  no-undef
  379:30  warning  'width' is not defined                                  no-undef
  389:3   warning  'push' is not defined                                   no-undef
  390:3   warning  'tint' is not defined                                   no-undef
  393:5   warning  'image' is not defined                                  no-undef
  393:23  warning  'width' is not defined                                  no-undef
  396:5   warning  'image' is not defined                                  no-undef
  396:31  warning  'width' is not defined                                  no-undef
  400:3   warning  'pop' is not defined                                    no-undef
  401:3   warning  'image' is not defined                                  no-undef
  401:28  warning  'width' is not defined                                  no-undef
  402:3   warning  'pop' is not defined                                    no-undef
  427:23  warning  'slider2' is not defined                                no-undef
  428:20  warning  'slider3' is not defined                                no-undef
  437:23  warning  'random' is not defined                                 no-undef
  445:3   warning  'slider2' is not defined                                no-undef
  446:3   warning  'slider3' is not defined                                no-undef
  456:26  warning  'random' is not defined                                 no-undef
  457:27  warning  'random' is not defined                                 no-undef
  458:3   warning  'frameRate' is not defined                              no-undef
  459:3   warning  'fill' is not defined                                   no-undef
  460:3   warning  'noStroke' is not defined                               no-undef
  461:33  warning  'random' is not defined                                 no-undef
  467:28  warning  'random' is not defined                                 no-undef
  468:29  warning  'random' is not defined                                 no-undef
  470:5   warning  'ellipse' is not defined                                no-undef

/home/runner/work/exp-cuso-strength-iitr/exp-cuso-strength-iitr/experiment/simulation/js/js3'.js
    7:5   warning  'equivalencePointVolume' is defined but never used      no-unused-vars
    8:5   warning  'titrationFinished' is assigned a value but never used  no-unused-vars
   28:5   warning  'croppedImg' is defined but never used                  no-unused-vars
   29:5   warning  'gifImage' is defined but never used                    no-unused-vars
   42:5   warning  'ex2one' is assigned a value but never used             no-unused-vars
   43:5   warning  'exone' is assigned a value but never used              no-unused-vars
   46:3   warning  Unnecessary semicolon                                   no-extra-semi
   54:5   warning  'waterlevel' is assigned a value but never used         no-unused-vars
   66:5   warning  'shownext' is assigned a value but never used           no-unused-vars
   67:5   warning  'blinking' is assigned a value but never used           no-unused-vars
   68:5   warning  'blinkInterval' is assigned a value but never used      no-unused-vars
   74:10  warning  'preload' is defined but never used                     no-unused-vars
   75:15  warning  'loadImage' is not defined                              no-undef
   76:16  warning  'loadImage' is not defined                              no-undef
   77:14  warning  'loadImage' is not defined                              no-undef
   78:15  warning  'loadImage' is not defined                              no-undef
   81:21  warning  'loadImage' is not defined                              no-undef
  102:15  warning  'select' is not defined                                 no-undef
  105:6   warning  'windowWidth' is not defined                            no-undef
  111:12  warning  'createCanvas' is not defined                           no-undef
  119:3   warning  'background' is not defined                             no-undef
  121:3   warning  'slider1' is not defined                                no-undef
  121:13  warning  'select' is not defined                                 no-undef
  122:3   warning  'slider2' is not defined                                no-undef
  122:13  warning  'select' is not defined                                 no-undef
  123:3   warning  'slider3' is not defined                                no-undef
  123:13  warning  'select' is not defined                                 no-undef
  125:3   warning  'slider1' is not defined                                no-undef
  126:3   warning  'slider2' is not defined                                no-undef
  127:3   warning  'slider3' is not defined                                no-undef
  130:23  warning  'slider2' is not defined                                no-undef
  131:20  warning  'slider3' is not defined                                no-undef
  133:24  warning  'color' is not defined                                  no-undef
  137:12  warning  'width' is not defined                                  no-undef
  138:12  warning  'height' is not defined                                 no-undef
  145:16  warning  'color' is not defined                                  no-undef
  146:17  warning  'color' is not defined                                  no-undef
  178:10  warning  'draw' is defined but never used                        no-unused-vars
  180:3   warning  'frameRate' is not defined                              no-undef
  183:12  warning  'slider1' is not defined                                no-undef
  184:3   warning  'background' is not defined                             no-undef
  188:5   warning  'noStroke' is not defined                               no-undef
  189:5   warning  'fill' is not defined                                   no-undef
  190:5   warning  'rect' is not defined                                   no-undef
  190:10  warning  'width' is not defined                                  no-undef
  190:68  warning  'random' is not defined                                 no-undef
  190:85  warning  'random' is not defined                                 no-undef
  194:6   warning  'slider3' is not defined                                no-undef
  195:24  warning  'slider3' is not defined                                no-undef
  220:3   warning  'noStroke' is not defined                               no-undef
  221:3   warning  'fill' is not defined                                   no-undef
  223:3   warning  'rect' is not defined                                   no-undef
  223:8   warning  'width' is not defined                                  no-undef
  224:3   warning  'push' is not defined                                   no-undef
  226:3   warning  'image' is not defined                                  no-undef
  226:20  warning  'width' is not defined                                  no-undef
  227:3   warning  'noStroke' is not defined                               no-undef
  228:3   warning  'pop' is not defined                                    no-undef
  230:5   warning  'noStroke' is not defined                               no-undef
  231:5   warning  'fill' is not defined                                   no-undef
  245:5   warning  'image' is not defined                                  no-undef
  246:5   warning  'image' is not defined                                  no-undef
  254:5   warning  'push' is not defined                                   no-undef
  255:5   warning  'tint' is not defined                                   no-undef
  258:7   warning  'image' is not defined                                  no-undef
  261:7   warning  'image' is not defined                                  no-undef
  265:5   warning  'pop' is not defined                                    no-undef
  286:35  warning  'floor' is not defined                                  no-undef
  304:10  warning  'mousePressed' is defined but never used                no-unused-vars
  307:20  warning  'dist' is not defined                                   no-undef
  307:25  warning  'mouseX' is not defined                                 no-undef
  307:33  warning  'mouseY' is not defined                                 no-undef
  313:19  warning  'dist' is not defined                                   no-undef
  313:24  warning  'mouseX' is not defined                                 no-undef
  313:32  warning  'mouseY' is not defined                                 no-undef
  319:7   warning  'mouseX' is not defined                                 no-undef
  319:35  warning  'mouseX' is not defined                                 no-undef
  319:59  warning  'mouseY' is not defined                                 no-undef
  319:87  warning  'mouseY' is not defined                                 no-undef
  320:5   warning  'nextpressed' is not defined                            no-undef
  324:10  warning  'mouseReleased' is defined but never used               no-unused-vars
  331:10  warning  'changeArrowStyleToPointer' is defined but never used   no-unused-vars
  332:3   warning  'nextButton' is not defined                             no-undef
  371:31  warning  'sin' is not defined                                    no-undef
  372:3   warning  'push' is not defined                                   no-undef
  376:3   warning  'translate' is not defined                              no-undef
  376:13  warning  'width' is not defined                                  no-undef
  377:3   warning  'rotate' is not defined                                 no-undef
  377:10  warning  'radians' is not defined                                no-undef
  378:3   warning  'image' is not defined                                  no-undef
  378:30  warning  'width' is not defined                                  no-undef
  388:3   warning  'push' is not defined                                   no-undef
  389:3   warning  'tint' is not defined                                   no-undef
  392:5   warning  'image' is not defined                                  no-undef
  392:23  warning  'width' is not defined                                  no-undef
  395:5   warning  'image' is not defined                                  no-undef
  395:31  warning  'width' is not defined                                  no-undef
  399:3   warning  'pop' is not defined                                    no-undef
  400:3   warning  'image' is not defined                                  no-undef
  400:28  warning  'width' is not defined                                  no-undef
  401:3   warning  'pop' is not defined                                    no-undef
  426:23  warning  'slider2' is not defined                                no-undef
  427:20  warning  'slider3' is not defined                                no-undef
  436:23  warning  'random' is not defined                                 no-undef
  444:3   warning  'slider2' is not defined                                no-undef
  445:3   warning  'slider3' is not defined                                no-undef
  455:26  warning  'random' is not defined                                 no-undef
  456:27  warning  'random' is not defined                                 no-undef
  457:3   warning  'frameRate' is not defined                              no-undef
  458:3   warning  'fill' is not defined                                   no-undef
  459:3   warning  'noStroke' is not defined                               no-undef
  460:33  warning  'random' is not defined                                 no-undef
  466:28  warning  'random' is not defined                                 no-undef
  467:29  warning  'random' is not defined                                 no-undef
  469:5   warning  'ellipse' is not defined                                no-undef
  511:10  warning  'calculateN2' is defined but never used                 no-unused-vars

/home/runner/work/exp-cuso-strength-iitr/exp-cuso-strength-iitr/experiment/simulation/js/js3.js
    7:5   warning  'equivalencePointVolume' is defined but never used      no-unused-vars
    8:5   warning  'titrationFinished' is assigned a value but never used  no-unused-vars
   28:5   warning  'croppedImg' is defined but never used                  no-unused-vars
   29:5   warning  'gifImage' is defined but never used                    no-unused-vars
   42:5   warning  'ex2one' is assigned a value but never used             no-unused-vars
   43:5   warning  'exone' is assigned a value but never used              no-unused-vars
   46:3   warning  Unnecessary semicolon                                   no-extra-semi
   54:5   warning  'waterlevel' is assigned a value but never used         no-unused-vars
   67:5   warning  'blinking' is assigned a value but never used           no-unused-vars
   74:10  warning  'preload' is defined but never used                     no-unused-vars
   75:15  warning  'loadImage' is not defined                              no-undef
   76:16  warning  'loadImage' is not defined                              no-undef
   77:14  warning  'loadImage' is not defined                              no-undef
   78:15  warning  'loadImage' is not defined                              no-undef
   80:1   warning  'nextimg' is not defined                                no-undef
   80:11  warning  'loadImage' is not defined                              no-undef
   81:21  warning  'loadImage' is not defined                              no-undef
  102:15  warning  'select' is not defined                                 no-undef
  105:6   warning  'windowWidth' is not defined                            no-undef
  111:12  warning  'createCanvas' is not defined                           no-undef
  119:3   warning  'background' is not defined                             no-undef
  121:3   warning  'slider1' is not defined                                no-undef
  121:13  warning  'select' is not defined                                 no-undef
  122:3   warning  'slider2' is not defined                                no-undef
  122:13  warning  'select' is not defined                                 no-undef
  123:3   warning  'slider3' is not defined                                no-undef
  123:13  warning  'select' is not defined                                 no-undef
  125:3   warning  'slider1' is not defined                                no-undef
  126:3   warning  'slider2' is not defined                                no-undef
  127:3   warning  'slider3' is not defined                                no-undef
  130:23  warning  'slider2' is not defined                                no-undef
  131:20  warning  'slider3' is not defined                                no-undef
  133:24  warning  'color' is not defined                                  no-undef
  137:12  warning  'width' is not defined                                  no-undef
  138:12  warning  'height' is not defined                                 no-undef
  145:16  warning  'color' is not defined                                  no-undef
  146:17  warning  'color' is not defined                                  no-undef
  175:23  warning  'slider2' is not defined                                no-undef
  176:20  warning  'slider3' is not defined                                no-undef
  181:10  warning  'draw' is defined but never used                        no-unused-vars
  183:3   warning  'frameRate' is not defined                              no-undef
  186:12  warning  'slider1' is not defined                                no-undef
  187:3   warning  'background' is not defined                             no-undef
  191:5   warning  'noStroke' is not defined                               no-undef
  192:5   warning  'fill' is not defined                                   no-undef
  193:5   warning  'rect' is not defined                                   no-undef
  193:10  warning  'width' is not defined                                  no-undef
  193:68  warning  'random' is not defined                                 no-undef
  193:85  warning  'random' is not defined                                 no-undef
  197:6   warning  'slider3' is not defined                                no-undef
  198:24  warning  'slider3' is not defined                                no-undef
  223:3   warning  'noStroke' is not defined                               no-undef
  224:3   warning  'fill' is not defined                                   no-undef
  226:3   warning  'rect' is not defined                                   no-undef
  226:8   warning  'width' is not defined                                  no-undef
  227:3   warning  'push' is not defined                                   no-undef
  229:3   warning  'image' is not defined                                  no-undef
  229:20  warning  'width' is not defined                                  no-undef
  230:3   warning  'noStroke' is not defined                               no-undef
  231:3   warning  'pop' is not defined                                    no-undef
  233:5   warning  'noStroke' is not defined                               no-undef
  234:5   warning  'fill' is not defined                                   no-undef
  248:5   warning  'image' is not defined                                  no-undef
  249:5   warning  'image' is not defined                                  no-undef
  257:5   warning  'push' is not defined                                   no-undef
  258:5   warning  'tint' is not defined                                   no-undef
  261:7   warning  'image' is not defined                                  no-undef
  264:7   warning  'image' is not defined                                  no-undef
  268:5   warning  'pop' is not defined                                    no-undef
  289:35  warning  'floor' is not defined                                  no-undef
  298:9   warning  'millis' is not defined                                 no-undef
  300:7   warning  'image' is not defined                                  no-undef
  300:13  warning  'nextimg' is not defined                                no-undef
  307:10  warning  'mousePressed' is defined but never used                no-unused-vars
  310:20  warning  'dist' is not defined                                   no-undef
  310:25  warning  'mouseX' is not defined                                 no-undef
  310:33  warning  'mouseY' is not defined                                 no-undef
  316:19  warning  'dist' is not defined                                   no-undef
  316:24  warning  'mouseX' is not defined                                 no-undef
  316:32  warning  'mouseY' is not defined                                 no-undef
  322:7   warning  'mouseX' is not defined                                 no-undef
  322:35  warning  'mouseX' is not defined                                 no-undef
  322:59  warning  'mouseY' is not defined                                 no-undef
  322:87  warning  'mouseY' is not defined                                 no-undef
  327:10  warning  'mouseReleased' is defined but never used               no-unused-vars
  334:10  warning  'changeArrowStyleToPointer' is defined but never used   no-unused-vars
  335:3   warning  'nextButton' is not defined                             no-undef
  374:31  warning  'sin' is not defined                                    no-undef
  375:3   warning  'push' is not defined                                   no-undef
  379:3   warning  'translate' is not defined                              no-undef
  379:13  warning  'width' is not defined                                  no-undef
  380:3   warning  'rotate' is not defined                                 no-undef
  380:10  warning  'radians' is not defined                                no-undef
  381:3   warning  'image' is not defined                                  no-undef
  381:30  warning  'width' is not defined                                  no-undef
  391:3   warning  'push' is not defined                                   no-undef
  392:3   warning  'tint' is not defined                                   no-undef
  395:5   warning  'image' is not defined                                  no-undef
  395:23  warning  'width' is not defined                                  no-undef
  398:5   warning  'image' is not defined                                  no-undef
  398:31  warning  'width' is not defined                                  no-undef
  402:3   warning  'pop' is not defined                                    no-undef
  403:3   warning  'image' is not defined                                  no-undef
  403:28  warning  'width' is not defined                                  no-undef
  404:3   warning  'pop' is not defined                                    no-undef
  429:23  warning  'slider2' is not defined                                no-undef
  430:20  warning  'slider3' is not defined                                no-undef
  439:23  warning  'random' is not defined                                 no-undef
  458:26  warning  'random' is not defined                                 no-undef
  459:27  warning  'random' is not defined                                 no-undef
  460:3   warning  'frameRate' is not defined                              no-undef
  461:3   warning  'fill' is not defined                                   no-undef
  462:3   warning  'noStroke' is not defined                               no-undef
  463:33  warning  'random' is not defined                                 no-undef
  469:28  warning  'random' is not defined                                 no-undef
  470:29  warning  'random' is not defined                                 no-undef
  472:5   warning  'ellipse' is not defined                                no-undef
  515:10  warning  'calculateN2' is defined but never used                 no-unused-vars

 612 problems (0 errors, 612 warnings)
  0 errors and 3 warnings potentially fixable with the `--fix` option.

